2024-10-12 20:50:33,513 - masks - INFO - Успешно отформатирован номер карты: 1234567812345678
2024-10-12 20:50:33,514 - masks - INFO - Успешно отформатирован номер карты: 1234567812345678
2024-10-12 20:50:33,514 - masks - ERROR - Ошибка ввода номера карты: 123456781234567
2024-10-12 20:50:33,515 - masks - ERROR - Ошибка ввода номера карты: 12345678123456789
2024-10-12 20:50:33,515 - masks - ERROR - Ошибка ввода номера карты: 1234abcd12345678
2024-10-12 20:50:33,515 - masks - ERROR - Ошибка ввода номера карты: 123456781234567a
2024-10-12 20:50:33,515 - masks - ERROR - Ошибка ввода номера карты: 1234 5678 1234 5678
2024-10-12 20:50:33,515 - masks - ERROR - Ошибка ввода номера карты: 
2024-10-12 20:50:33,515 - masks - ERROR - Ошибка ввода номера карты: abcdefghabcdefgh
2024-10-12 20:50:33,515 - masks - ERROR - Ошибка ввода номера карты: 
2024-10-12 20:50:33,516 - masks - ERROR - Ошибка ввода номера карты: abcdefghabcdefgh
2024-10-12 20:50:33,516 - masks - INFO - Успешно отформатирован номер счета: 123456
2024-10-12 20:50:33,517 - masks - INFO - Успешно отформатирован номер счета: 9876543210
2024-10-12 20:50:33,517 - masks - INFO - Успешно отформатирован номер счета: 00001234
2024-10-12 20:50:33,517 - masks - INFO - Успешно отформатирован номер счета: 1234
2024-10-12 20:50:33,517 - masks - ERROR - Ошибка ввода номера счета: 123
2024-10-12 20:50:33,517 - masks - ERROR - Ошибка ввода номера счета: 12
2024-10-12 20:50:33,517 - masks - ERROR - Ошибка ввода номера счета: 1
2024-10-12 20:50:33,517 - masks - ERROR - Ошибка ввода номера счета: 1234abcd
2024-10-12 20:50:33,517 - masks - ERROR - Ошибка ввода номера счета: abcd
2024-10-12 20:50:33,517 - masks - ERROR - Ошибка ввода номера счета: 
2024-10-12 20:50:33,517 - masks - ERROR - Ошибка ввода номера счета: 123
2024-10-12 20:50:33,518 - masks - ERROR - Ошибка ввода номера счета: 12
2024-10-12 20:50:33,519 - masks - ERROR - Ошибка ввода номера счета: 1
2024-10-12 20:50:33,519 - masks - ERROR - Ошибка ввода номера счета: abcd
2024-10-12 20:50:33,520 - masks - ERROR - Ошибка ввода номера счета: 1234abcd
2024-10-12 20:50:33,520 - masks - ERROR - Ошибка ввода номера счета: 
